# JRE version: OpenJDK Runtime Environment (8.0_382-b05) (build 1.8.0_382-b05)
# Java VM: OpenJDK 64-Bit Server VM (25.382-b05 mixed mode windows-amd64 compressed oops)
Heap:
 PSYoungGen      total 28160K, used 8358K [0x00000000d6f00000, 0x00000000eca80000, 0x0000000100000000)
  eden space 27648K, 30% used [0x00000000d6f00000,0x00000000d7719b10,0x00000000d8a00000)
  from space 512K, 12% used [0x00000000eca00000,0x00000000eca10000,0x00000000eca80000)
  to   space 512K, 0% used [0x00000000ec980000,0x00000000ec980000,0x00000000eca00000)
 ParOldGen       total 81408K, used 28878K [0x0000000084c00000, 0x0000000089b80000, 0x00000000d6f00000)
  object space 81408K, 35% used [0x0000000084c00000,0x0000000086833b40,0x0000000089b80000)
 Metaspace       used 24947K, capacity 25329K, committed 25600K, reserved 1071104K
  class space    used 2935K, capacity 3041K, committed 3072K, reserved 1048576K
GC Heap History (10 events):
Event: 717.751 GC heap before
{Heap before GC invocations=3717 (full 1):
 PSYoungGen      total 28160K, used 27712K [0x00000000d6f00000, 0x00000000eca80000, 0x0000000100000000)
  eden space 27648K, 100% used [0x00000000d6f00000,0x00000000d8a00000,0x00000000d8a00000)
  from space 512K, 12% used [0x00000000ec980000,0x00000000ec990000,0x00000000eca00000)
  to   space 512K, 0% used [0x00000000eca00000,0x00000000eca00000,0x00000000eca80000)
 ParOldGen       total 81408K, used 28878K [0x0000000084c00000, 0x0000000089b80000, 0x00000000d6f00000)
  object space 81408K, 35% used [0x0000000084c00000,0x0000000086833b40,0x0000000089b80000)
 Metaspace       used 24947K, capacity 25329K, committed 25600K, reserved 1071104K
  class space    used 2935K, capacity 3041K, committed 3072K, reserved 1048576K
Event: 717.752 GC heap after
Heap after GC invocations=3717 (full 1):
 PSYoungGen      total 28160K, used 64K [0x00000000d6f00000, 0x00000000eca80000, 0x0000000100000000)
  eden space 27648K, 0% used [0x00000000d6f00000,0x00000000d6f00000,0x00000000d8a00000)
  from space 512K, 12% used [0x00000000eca00000,0x00000000eca10000,0x00000000eca80000)
  to   space 512K, 0% used [0x00000000ec980000,0x00000000ec980000,0x00000000eca00000)
 ParOldGen       total 81408K, used 28878K [0x0000000084c00000, 0x0000000089b80000, 0x00000000d6f00000)
  object space 81408K, 35% used [0x0000000084c00000,0x0000000086833b40,0x0000000089b80000)
 Metaspace       used 24947K, capacity 25329K, committed 25600K, reserved 1071104K
  class space    used 2935K, capacity 3041K, committed 3072K, reserved 1048576K
}
Event: 717.896 GC heap before
{Heap before GC invocations=3718 (full 1):
 PSYoungGen      total 28160K, used 27712K [0x00000000d6f00000, 0x00000000eca80000, 0x0000000100000000)
  eden space 27648K, 100% used [0x00000000d6f00000,0x00000000d8a00000,0x00000000d8a00000)
  from space 512K, 12% used [0x00000000eca00000,0x00000000eca10000,0x00000000eca80000)
  to   space 512K, 0% used [0x00000000ec980000,0x00000000ec980000,0x00000000eca00000)
 ParOldGen       total 81408K, used 28878K [0x0000000084c00000, 0x0000000089b80000, 0x00000000d6f00000)
  object space 81408K, 35% used [0x0000000084c00000,0x0000000086833b40,0x0000000089b80000)
 Metaspace       used 24947K, capacity 25329K, committed 25600K, reserved 1071104K
  class space    used 2935K, capacity 3041K, committed 3072K, reserved 1048576K
Event: 717.898 GC heap after
Heap after GC invocations=3718 (full 1):
 PSYoungGen      total 28160K, used 32K [0x00000000d6f00000, 0x00000000eca80000, 0x0000000100000000)
  eden space 27648K, 0% used [0x00000000d6f00000,0x00000000d6f00000,0x00000000d8a00000)
  from space 512K, 6% used [0x00000000ec980000,0x00000000ec988000,0x00000000eca00000)
  to   space 512K, 0% used [0x00000000eca00000,0x00000000eca00000,0x00000000eca80000)
 ParOldGen       total 81408K, used 28878K [0x0000000084c00000, 0x0000000089b80000, 0x00000000d6f00000)
  object space 81408K, 35% used [0x0000000084c00000,0x0000000086833b40,0x0000000089b80000)
 Metaspace       used 24947K, capacity 25329K, committed 25600K, reserved 1071104K
  class space    used 2935K, capacity 3041K, committed 3072K, reserved 1048576K
}
Event: 718.069 GC heap before
{Heap before GC invocations=3719 (full 1):
 PSYoungGen      total 28160K, used 27680K [0x00000000d6f00000, 0x00000000eca80000, 0x0000000100000000)
  eden space 27648K, 100% used [0x00000000d6f00000,0x00000000d8a00000,0x00000000d8a00000)
  from space 512K, 6% used [0x00000000ec980000,0x00000000ec988000,0x00000000eca00000)
  to   space 512K, 0% used [0x00000000eca00000,0x00000000eca00000,0x00000000eca80000)
 ParOldGen       total 81408K, used 28878K [0x0000000084c00000, 0x0000000089b80000, 0x00000000d6f00000)
  object space 81408K, 35% used [0x0000000084c00000,0x0000000086833b40,0x0000000089b80000)
 Metaspace       used 24947K, capacity 25329K, committed 25600K, reserved 1071104K
  class space    used 2935K, capacity 3041K, committed 3072K, reserved 1048576K
Event: 718.070 GC heap after
Heap after GC invocations=3719 (full 1):
 PSYoungGen      total 28160K, used 64K [0x00000000d6f00000, 0x00000000eca80000, 0x0000000100000000)
  eden space 27648K, 0% used [0x00000000d6f00000,0x00000000d6f00000,0x00000000d8a00000)
  from space 512K, 12% used [0x00000000eca00000,0x00000000eca10000,0x00000000eca80000)
  to   space 512K, 0% used [0x00000000ec980000,0x00000000ec980000,0x00000000eca00000)
 ParOldGen       total 81408K, used 28878K [0x0000000084c00000, 0x0000000089b80000, 0x00000000d6f00000)
  object space 81408K, 35% used [0x0000000084c00000,0x0000000086833b40,0x0000000089b80000)
 Metaspace       used 24947K, capacity 25329K, committed 25600K, reserved 1071104K
  class space    used 2935K, capacity 3041K, committed 3072K, reserved 1048576K
}
Event: 718.235 GC heap before
{Heap before GC invocations=3720 (full 1):
 PSYoungGen      total 28160K, used 27712K [0x00000000d6f00000, 0x00000000eca80000, 0x0000000100000000)
  eden space 27648K, 100% used [0x00000000d6f00000,0x00000000d8a00000,0x00000000d8a00000)
  from space 512K, 12% used [0x00000000eca00000,0x00000000eca10000,0x00000000eca80000)
  to   space 512K, 0% used [0x00000000ec980000,0x00000000ec980000,0x00000000eca00000)
 ParOldGen       total 81408K, used 28878K [0x0000000084c00000, 0x0000000089b80000, 0x00000000d6f00000)
  object space 81408K, 35% used [0x0000000084c00000,0x0000000086833b40,0x0000000089b80000)
 Metaspace       used 24947K, capacity 25329K, committed 25600K, reserved 1071104K
  class space    used 2935K, capacity 3041K, committed 3072K, reserved 1048576K
Event: 718.237 GC heap after
Heap after GC invocations=3720 (full 1):
 PSYoungGen      total 28160K, used 32K [0x00000000d6f00000, 0x00000000eca80000, 0x0000000100000000)
  eden space 27648K, 0% used [0x00000000d6f00000,0x00000000d6f00000,0x00000000d8a00000)
  from space 512K, 6% used [0x00000000ec980000,0x00000000ec988000,0x00000000eca00000)
  to   space 512K, 0% used [0x00000000eca00000,0x00000000eca00000,0x00000000eca80000)
 ParOldGen       total 81408K, used 28878K [0x0000000084c00000, 0x0000000089b80000, 0x00000000d6f00000)
  object space 81408K, 35% used [0x0000000084c00000,0x0000000086833b40,0x0000000089b80000)
 Metaspace       used 24947K, capacity 25329K, committed 25600K, reserved 1071104K
  class space    used 2935K, capacity 3041K, committed 3072K, reserved 1048576K
}
Event: 718.386 GC heap before
{Heap before GC invocations=3721 (full 1):
 PSYoungGen      total 28160K, used 27680K [0x00000000d6f00000, 0x00000000eca80000, 0x0000000100000000)
  eden space 27648K, 100% used [0x00000000d6f00000,0x00000000d8a00000,0x00000000d8a00000)
  from space 512K, 6% used [0x00000000ec980000,0x00000000ec988000,0x00000000eca00000)
  to   space 512K, 0% used [0x00000000eca00000,0x00000000eca00000,0x00000000eca80000)
 ParOldGen       total 81408K, used 28878K [0x0000000084c00000, 0x0000000089b80000, 0x00000000d6f00000)
  object space 81408K, 35% used [0x0000000084c00000,0x0000000086833b40,0x0000000089b80000)
 Metaspace       used 24947K, capacity 25329K, committed 25600K, reserved 1071104K
  class space    used 2935K, capacity 3041K, committed 3072K, reserved 1048576K
Event: 718.387 GC heap after
Heap after GC invocations=3721 (full 1):
 PSYoungGen      total 28160K, used 64K [0x00000000d6f00000, 0x00000000eca80000, 0x0000000100000000)
  eden space 27648K, 0% used [0x00000000d6f00000,0x00000000d6f00000,0x00000000d8a00000)
  from space 512K, 12% used [0x00000000eca00000,0x00000000eca10000,0x00000000eca80000)
  to   space 512K, 0% used [0x00000000ec980000,0x00000000ec980000,0x00000000eca00000)
 ParOldGen       total 81408K, used 28878K [0x0000000084c00000, 0x0000000089b80000, 0x00000000d6f00000)
  object space 81408K, 35% used [0x0000000084c00000,0x0000000086833b40,0x0000000089b80000)
 Metaspace       used 24947K, capacity 25329K, committed 25600K, reserved 1071104K
  class space    used 2935K, capacity 3041K, committed 3072K, reserved 1048576K
}

