# JRE version: OpenJDK Runtime Environment (8.0_382-b05) (build 1.8.0_382-b05)
# Java VM: OpenJDK 64-Bit Server VM (25.382-b05 mixed mode windows-amd64 compressed oops)
Heap:
 PSYoungGen      total 237568K, used 15603K [0x00000000d6f00000, 0x00000000e8b00000, 0x0000000100000000)
  eden space 219136K, 5% used [0x00000000d6f00000,0x00000000d7a2cc28,0x00000000e4500000)
  from space 18432K, 22% used [0x00000000e4500000,0x00000000e4910200,0x00000000e5700000)
  to   space 17920K, 0% used [0x00000000e7980000,0x00000000e7980000,0x00000000e8b00000)
 ParOldGen       total 80384K, used 18459K [0x0000000084c00000, 0x0000000089a80000, 0x00000000d6f00000)
  object space 80384K, 22% used [0x0000000084c00000,0x0000000085e06e98,0x0000000089a80000)
 Metaspace       used 25034K, capacity 25387K, committed 25600K, reserved 1071104K
  class space    used 2960K, capacity 3062K, committed 3072K, reserved 1048576K
GC Heap History (10 events):
Event: 4.928 GC heap before
{Heap before GC invocations=6 (full 1):
 PSYoungGen      total 132096K, used 126976K [0x00000000d6f00000, 0x00000000df500000, 0x0000000100000000)
  eden space 126976K, 100% used [0x00000000d6f00000,0x00000000deb00000,0x00000000deb00000)
  from space 5120K, 0% used [0x00000000df000000,0x00000000df000000,0x00000000df500000)
  to   space 5120K, 0% used [0x00000000deb00000,0x00000000deb00000,0x00000000df000000)
 ParOldGen       total 80384K, used 18427K [0x0000000084c00000, 0x0000000089a80000, 0x00000000d6f00000)
  object space 80384K, 22% used [0x0000000084c00000,0x0000000085dfee98,0x0000000089a80000)
 Metaspace       used 24469K, capacity 24779K, committed 25088K, reserved 1071104K
  class space    used 2902K, capacity 2998K, committed 3072K, reserved 1048576K
Event: 4.933 GC heap after
Heap after GC invocations=6 (full 1):
 PSYoungGen      total 132096K, used 4352K [0x00000000d6f00000, 0x00000000e3d80000, 0x0000000100000000)
  eden space 126976K, 0% used [0x00000000d6f00000,0x00000000d6f00000,0x00000000deb00000)
  from space 5120K, 85% used [0x00000000deb00000,0x00000000def40078,0x00000000df000000)
  to   space 18432K, 0% used [0x00000000e2b80000,0x00000000e2b80000,0x00000000e3d80000)
 ParOldGen       total 80384K, used 18435K [0x0000000084c00000, 0x0000000089a80000, 0x00000000d6f00000)
  object space 80384K, 22% used [0x0000000084c00000,0x0000000085e00e98,0x0000000089a80000)
 Metaspace       used 24469K, capacity 24779K, committed 25088K, reserved 1071104K
  class space    used 2902K, capacity 2998K, committed 3072K, reserved 1048576K
}
Event: 5.706 GC heap before
{Heap before GC invocations=7 (full 1):
 PSYoungGen      total 132096K, used 131328K [0x00000000d6f00000, 0x00000000e3d80000, 0x0000000100000000)
  eden space 126976K, 100% used [0x00000000d6f00000,0x00000000deb00000,0x00000000deb00000)
  from space 5120K, 85% used [0x00000000deb00000,0x00000000def40078,0x00000000df000000)
  to   space 18432K, 0% used [0x00000000e2b80000,0x00000000e2b80000,0x00000000e3d80000)
 ParOldGen       total 80384K, used 18435K [0x0000000084c00000, 0x0000000089a80000, 0x00000000d6f00000)
  object space 80384K, 22% used [0x0000000084c00000,0x0000000085e00e98,0x0000000089a80000)
 Metaspace       used 24669K, capacity 25079K, committed 25344K, reserved 1071104K
  class space    used 2917K, capacity 3016K, committed 3072K, reserved 1048576K
Event: 5.709 GC heap after
Heap after GC invocations=7 (full 1):
 PSYoungGen      total 183808K, used 3232K [0x00000000d6f00000, 0x00000000e3980000, 0x0000000100000000)
  eden space 169472K, 0% used [0x00000000d6f00000,0x00000000d6f00000,0x00000000e1480000)
  from space 14336K, 22% used [0x00000000e2b80000,0x00000000e2ea8200,0x00000000e3980000)
  to   space 18944K, 0% used [0x00000000e1480000,0x00000000e1480000,0x00000000e2700000)
 ParOldGen       total 80384K, used 18443K [0x0000000084c00000, 0x0000000089a80000, 0x00000000d6f00000)
  object space 80384K, 22% used [0x0000000084c00000,0x0000000085e02e98,0x0000000089a80000)
 Metaspace       used 24669K, capacity 25079K, committed 25344K, reserved 1071104K
  class space    used 2917K, capacity 3016K, committed 3072K, reserved 1048576K
}
Event: 6.265 GC heap before
{Heap before GC invocations=8 (full 1):
 PSYoungGen      total 183808K, used 172704K [0x00000000d6f00000, 0x00000000e3980000, 0x0000000100000000)
  eden space 169472K, 100% used [0x00000000d6f00000,0x00000000e1480000,0x00000000e1480000)
  from space 14336K, 22% used [0x00000000e2b80000,0x00000000e2ea8200,0x00000000e3980000)
  to   space 18944K, 0% used [0x00000000e1480000,0x00000000e1480000,0x00000000e2700000)
 ParOldGen       total 80384K, used 18443K [0x0000000084c00000, 0x0000000089a80000, 0x00000000d6f00000)
  object space 80384K, 22% used [0x0000000084c00000,0x0000000085e02e98,0x0000000089a80000)
 Metaspace       used 24698K, capacity 25097K, committed 25344K, reserved 1071104K
  class space    used 2919K, capacity 3019K, committed 3072K, reserved 1048576K
Event: 6.268 GC heap after
Heap after GC invocations=8 (full 1):
 PSYoungGen      total 188416K, used 3744K [0x00000000d6f00000, 0x00000000e6c00000, 0x0000000100000000)
  eden space 169472K, 0% used [0x00000000d6f00000,0x00000000d6f00000,0x00000000e1480000)
  from space 18944K, 19% used [0x00000000e1480000,0x00000000e1828200,0x00000000e2700000)
  to   space 18944K, 0% used [0x00000000e5980000,0x00000000e5980000,0x00000000e6c00000)
 ParOldGen       total 80384K, used 18451K [0x0000000084c00000, 0x0000000089a80000, 0x00000000d6f00000)
  object space 80384K, 22% used [0x0000000084c00000,0x0000000085e04e98,0x0000000089a80000)
 Metaspace       used 24698K, capacity 25097K, committed 25344K, reserved 1071104K
  class space    used 2919K, capacity 3019K, committed 3072K, reserved 1048576K
}
Event: 6.698 GC heap before
{Heap before GC invocations=9 (full 1):
 PSYoungGen      total 188416K, used 173216K [0x00000000d6f00000, 0x00000000e6c00000, 0x0000000100000000)
  eden space 169472K, 100% used [0x00000000d6f00000,0x00000000e1480000,0x00000000e1480000)
  from space 18944K, 19% used [0x00000000e1480000,0x00000000e1828200,0x00000000e2700000)
  to   space 18944K, 0% used [0x00000000e5980000,0x00000000e5980000,0x00000000e6c00000)
 ParOldGen       total 80384K, used 18451K [0x0000000084c00000, 0x0000000089a80000, 0x00000000d6f00000)
  object space 80384K, 22% used [0x0000000084c00000,0x0000000085e04e98,0x0000000089a80000)
 Metaspace       used 24794K, capacity 25205K, committed 25344K, reserved 1071104K
  class space    used 2932K, capacity 3053K, committed 3072K, reserved 1048576K
Event: 6.701 GC heap after
Heap after GC invocations=9 (full 1):
 PSYoungGen      total 235008K, used 3904K [0x00000000d6f00000, 0x00000000e6900000, 0x0000000100000000)
  eden space 219136K, 0% used [0x00000000d6f00000,0x00000000d6f00000,0x00000000e4500000)
  from space 15872K, 24% used [0x00000000e5980000,0x00000000e5d50200,0x00000000e6900000)
  to   space 18432K, 0% used [0x00000000e4500000,0x00000000e4500000,0x00000000e5700000)
 ParOldGen       total 80384K, used 18451K [0x0000000084c00000, 0x0000000089a80000, 0x00000000d6f00000)
  object space 80384K, 22% used [0x0000000084c00000,0x0000000085e04e98,0x0000000089a80000)
 Metaspace       used 24794K, capacity 25205K, committed 25344K, reserved 1071104K
  class space    used 2932K, capacity 3053K, committed 3072K, reserved 1048576K
}
Event: 7.332 GC heap before
{Heap before GC invocations=10 (full 1):
 PSYoungGen      total 235008K, used 223040K [0x00000000d6f00000, 0x00000000e6900000, 0x0000000100000000)
  eden space 219136K, 100% used [0x00000000d6f00000,0x00000000e4500000,0x00000000e4500000)
  from space 15872K, 24% used [0x00000000e5980000,0x00000000e5d50200,0x00000000e6900000)
  to   space 18432K, 0% used [0x00000000e4500000,0x00000000e4500000,0x00000000e5700000)
 ParOldGen       total 80384K, used 18451K [0x0000000084c00000, 0x0000000089a80000, 0x00000000d6f00000)
  object space 80384K, 22% used [0x0000000084c00000,0x0000000085e04e98,0x0000000089a80000)
 Metaspace       used 25025K, capacity 25387K, committed 25600K, reserved 1071104K
  class space    used 2958K, capacity 3062K, committed 3072K, reserved 1048576K
Event: 7.336 GC heap after
Heap after GC invocations=10 (full 1):
 PSYoungGen      total 237568K, used 4160K [0x00000000d6f00000, 0x00000000e8b00000, 0x0000000100000000)
  eden space 219136K, 0% used [0x00000000d6f00000,0x00000000d6f00000,0x00000000e4500000)
  from space 18432K, 22% used [0x00000000e4500000,0x00000000e4910200,0x00000000e5700000)
  to   space 17920K, 0% used [0x00000000e7980000,0x00000000e7980000,0x00000000e8b00000)
 ParOldGen       total 80384K, used 18459K [0x0000000084c00000, 0x0000000089a80000, 0x00000000d6f00000)
  object space 80384K, 22% used [0x0000000084c00000,0x0000000085e06e98,0x0000000089a80000)
 Metaspace       used 25025K, capacity 25387K, committed 25600K, reserved 1071104K
  class space    used 2958K, capacity 3062K, committed 3072K, reserved 1048576K
}

