# JRE version: OpenJDK Runtime Environment (8.0_382-b05) (build 1.8.0_382-b05)
# Java VM: OpenJDK 64-Bit Server VM (25.382-b05 mixed mode windows-amd64 compressed oops)
Heap:
 PSYoungGen      total 53248K, used 1118K [0x00000000d6f00000, 0x00000000f8080000, 0x0000000100000000)
  eden space 52736K, 2% used [0x00000000d6f00000,0x00000000d7007b90,0x00000000da280000)
  from space 512K, 12% used [0x00000000f7f80000,0x00000000f7f90000,0x00000000f8000000)
  to   space 512K, 0% used [0x00000000f8000000,0x00000000f8000000,0x00000000f8080000)
 ParOldGen       total 82432K, used 22910K [0x0000000084c00000, 0x0000000089c80000, 0x00000000d6f00000)
  object space 82432K, 27% used [0x0000000084c00000,0x000000008625fbc8,0x0000000089c80000)
 Metaspace       used 25192K, capacity 25585K, committed 25600K, reserved 1071104K
  class space    used 2960K, capacity 3063K, committed 3072K, reserved 1048576K
GC Heap History (10 events):
Event: 172.107 GC heap before
{Heap before GC invocations=386 (full 1):
 PSYoungGen      total 58880K, used 58464K [0x00000000d6f00000, 0x00000000f8080000, 0x0000000100000000)
  eden space 58368K, 100% used [0x00000000d6f00000,0x00000000da800000,0x00000000da800000)
  from space 512K, 18% used [0x00000000f8000000,0x00000000f8018000,0x00000000f8080000)
  to   space 512K, 0% used [0x00000000f7f80000,0x00000000f7f80000,0x00000000f8000000)
 ParOldGen       total 82432K, used 22910K [0x0000000084c00000, 0x0000000089c80000, 0x00000000d6f00000)
  object space 82432K, 27% used [0x0000000084c00000,0x000000008625fbc8,0x0000000089c80000)
 Metaspace       used 25192K, capacity 25585K, committed 25600K, reserved 1071104K
  class space    used 2960K, capacity 3063K, committed 3072K, reserved 1048576K
Event: 172.109 GC heap after
Heap after GC invocations=386 (full 1):
 PSYoungGen      total 57344K, used 64K [0x00000000d6f00000, 0x00000000f8080000, 0x0000000100000000)
  eden space 56832K, 0% used [0x00000000d6f00000,0x00000000d6f00000,0x00000000da680000)
  from space 512K, 12% used [0x00000000f7f80000,0x00000000f7f90000,0x00000000f8000000)
  to   space 512K, 0% used [0x00000000f8000000,0x00000000f8000000,0x00000000f8080000)
 ParOldGen       total 82432K, used 22910K [0x0000000084c00000, 0x0000000089c80000, 0x00000000d6f00000)
  object space 82432K, 27% used [0x0000000084c00000,0x000000008625fbc8,0x0000000089c80000)
 Metaspace       used 25192K, capacity 25585K, committed 25600K, reserved 1071104K
  class space    used 2960K, capacity 3063K, committed 3072K, reserved 1048576K
}
Event: 172.350 GC heap before
{Heap before GC invocations=387 (full 1):
 PSYoungGen      total 57344K, used 56896K [0x00000000d6f00000, 0x00000000f8080000, 0x0000000100000000)
  eden space 56832K, 100% used [0x00000000d6f00000,0x00000000da680000,0x00000000da680000)
  from space 512K, 12% used [0x00000000f7f80000,0x00000000f7f90000,0x00000000f8000000)
  to   space 512K, 0% used [0x00000000f8000000,0x00000000f8000000,0x00000000f8080000)
 ParOldGen       total 82432K, used 22910K [0x0000000084c00000, 0x0000000089c80000, 0x00000000d6f00000)
  object space 82432K, 27% used [0x0000000084c00000,0x000000008625fbc8,0x0000000089c80000)
 Metaspace       used 25192K, capacity 25585K, committed 25600K, reserved 1071104K
  class space    used 2960K, capacity 3063K, committed 3072K, reserved 1048576K
Event: 172.352 GC heap after
Heap after GC invocations=387 (full 1):
 PSYoungGen      total 56320K, used 96K [0x00000000d6f00000, 0x00000000f8080000, 0x0000000100000000)
  eden space 55808K, 0% used [0x00000000d6f00000,0x00000000d6f00000,0x00000000da580000)
  from space 512K, 18% used [0x00000000f8000000,0x00000000f8018000,0x00000000f8080000)
  to   space 512K, 0% used [0x00000000f7f80000,0x00000000f7f80000,0x00000000f8000000)
 ParOldGen       total 82432K, used 22910K [0x0000000084c00000, 0x0000000089c80000, 0x00000000d6f00000)
  object space 82432K, 27% used [0x0000000084c00000,0x000000008625fbc8,0x0000000089c80000)
 Metaspace       used 25192K, capacity 25585K, committed 25600K, reserved 1071104K
  class space    used 2960K, capacity 3063K, committed 3072K, reserved 1048576K
}
Event: 172.610 GC heap before
{Heap before GC invocations=388 (full 1):
 PSYoungGen      total 56320K, used 55904K [0x00000000d6f00000, 0x00000000f8080000, 0x0000000100000000)
  eden space 55808K, 100% used [0x00000000d6f00000,0x00000000da580000,0x00000000da580000)
  from space 512K, 18% used [0x00000000f8000000,0x00000000f8018000,0x00000000f8080000)
  to   space 512K, 0% used [0x00000000f7f80000,0x00000000f7f80000,0x00000000f8000000)
 ParOldGen       total 82432K, used 22910K [0x0000000084c00000, 0x0000000089c80000, 0x00000000d6f00000)
  object space 82432K, 27% used [0x0000000084c00000,0x000000008625fbc8,0x0000000089c80000)
 Metaspace       used 25192K, capacity 25585K, committed 25600K, reserved 1071104K
  class space    used 2960K, capacity 3063K, committed 3072K, reserved 1048576K
Event: 172.611 GC heap after
Heap after GC invocations=388 (full 1):
 PSYoungGen      total 55296K, used 64K [0x00000000d6f00000, 0x00000000f8080000, 0x0000000100000000)
  eden space 54784K, 0% used [0x00000000d6f00000,0x00000000d6f00000,0x00000000da480000)
  from space 512K, 12% used [0x00000000f7f80000,0x00000000f7f90000,0x00000000f8000000)
  to   space 512K, 0% used [0x00000000f8000000,0x00000000f8000000,0x00000000f8080000)
 ParOldGen       total 82432K, used 22910K [0x0000000084c00000, 0x0000000089c80000, 0x00000000d6f00000)
  object space 82432K, 27% used [0x0000000084c00000,0x000000008625fbc8,0x0000000089c80000)
 Metaspace       used 25192K, capacity 25585K, committed 25600K, reserved 1071104K
  class space    used 2960K, capacity 3063K, committed 3072K, reserved 1048576K
}
Event: 172.837 GC heap before
{Heap before GC invocations=389 (full 1):
 PSYoungGen      total 55296K, used 54848K [0x00000000d6f00000, 0x00000000f8080000, 0x0000000100000000)
  eden space 54784K, 100% used [0x00000000d6f00000,0x00000000da480000,0x00000000da480000)
  from space 512K, 12% used [0x00000000f7f80000,0x00000000f7f90000,0x00000000f8000000)
  to   space 512K, 0% used [0x00000000f8000000,0x00000000f8000000,0x00000000f8080000)
 ParOldGen       total 82432K, used 22910K [0x0000000084c00000, 0x0000000089c80000, 0x00000000d6f00000)
  object space 82432K, 27% used [0x0000000084c00000,0x000000008625fbc8,0x0000000089c80000)
 Metaspace       used 25192K, capacity 25585K, committed 25600K, reserved 1071104K
  class space    used 2960K, capacity 3063K, committed 3072K, reserved 1048576K
Event: 172.838 GC heap after
Heap after GC invocations=389 (full 1):
 PSYoungGen      total 54272K, used 96K [0x00000000d6f00000, 0x00000000f8080000, 0x0000000100000000)
  eden space 53760K, 0% used [0x00000000d6f00000,0x00000000d6f00000,0x00000000da380000)
  from space 512K, 18% used [0x00000000f8000000,0x00000000f8018000,0x00000000f8080000)
  to   space 512K, 0% used [0x00000000f7f80000,0x00000000f7f80000,0x00000000f8000000)
 ParOldGen       total 82432K, used 22910K [0x0000000084c00000, 0x0000000089c80000, 0x00000000d6f00000)
  object space 82432K, 27% used [0x0000000084c00000,0x000000008625fbc8,0x0000000089c80000)
 Metaspace       used 25192K, capacity 25585K, committed 25600K, reserved 1071104K
  class space    used 2960K, capacity 3063K, committed 3072K, reserved 1048576K
}
Event: 173.053 GC heap before
{Heap before GC invocations=390 (full 1):
 PSYoungGen      total 54272K, used 53856K [0x00000000d6f00000, 0x00000000f8080000, 0x0000000100000000)
  eden space 53760K, 100% used [0x00000000d6f00000,0x00000000da380000,0x00000000da380000)
  from space 512K, 18% used [0x00000000f8000000,0x00000000f8018000,0x00000000f8080000)
  to   space 512K, 0% used [0x00000000f7f80000,0x00000000f7f80000,0x00000000f8000000)
 ParOldGen       total 82432K, used 22910K [0x0000000084c00000, 0x0000000089c80000, 0x00000000d6f00000)
  object space 82432K, 27% used [0x0000000084c00000,0x000000008625fbc8,0x0000000089c80000)
 Metaspace       used 25192K, capacity 25585K, committed 25600K, reserved 1071104K
  class space    used 2960K, capacity 3063K, committed 3072K, reserved 1048576K
Event: 173.054 GC heap after
Heap after GC invocations=390 (full 1):
 PSYoungGen      total 53248K, used 64K [0x00000000d6f00000, 0x00000000f8080000, 0x0000000100000000)
  eden space 52736K, 0% used [0x00000000d6f00000,0x00000000d6f00000,0x00000000da280000)
  from space 512K, 12% used [0x00000000f7f80000,0x00000000f7f90000,0x00000000f8000000)
  to   space 512K, 0% used [0x00000000f8000000,0x00000000f8000000,0x00000000f8080000)
 ParOldGen       total 82432K, used 22910K [0x0000000084c00000, 0x0000000089c80000, 0x00000000d6f00000)
  object space 82432K, 27% used [0x0000000084c00000,0x000000008625fbc8,0x0000000089c80000)
 Metaspace       used 25192K, capacity 25585K, committed 25600K, reserved 1071104K
  class space    used 2960K, capacity 3063K, committed 3072K, reserved 1048576K
}

