# JRE version: OpenJDK Runtime Environment (8.0_382-b05) (build 1.8.0_382-b05)
# Java VM: OpenJDK 64-Bit Server VM (25.382-b05 mixed mode windows-amd64 compressed oops)
Heap:
 PSYoungGen      total 29184K, used 8697K [0x00000000d6f00000, 0x00000000e8580000, 0x0000000100000000)
  eden space 28672K, 30% used [0x00000000d6f00000,0x00000000d7766748,0x00000000d8b00000)
  from space 512K, 18% used [0x00000000e8500000,0x00000000e8518000,0x00000000e8580000)
  to   space 512K, 0% used [0x00000000e8480000,0x00000000e8480000,0x00000000e8500000)
 ParOldGen       total 85504K, used 26494K [0x0000000084c00000, 0x0000000089f80000, 0x00000000d6f00000)
  object space 85504K, 30% used [0x0000000084c00000,0x00000000865df8f8,0x0000000089f80000)
 Metaspace       used 24678K, capacity 24987K, committed 25344K, reserved 1071104K
  class space    used 2913K, capacity 3028K, committed 3072K, reserved 1048576K
GC Heap History (10 events):
Event: 1581.220 GC heap before
{Heap before GC invocations=9899 (full 1):
 PSYoungGen      total 29184K, used 28704K [0x00000000d6f00000, 0x00000000e8580000, 0x0000000100000000)
  eden space 28672K, 100% used [0x00000000d6f00000,0x00000000d8b00000,0x00000000d8b00000)
  from space 512K, 6% used [0x00000000e8480000,0x00000000e8488000,0x00000000e8500000)
  to   space 512K, 0% used [0x00000000e8500000,0x00000000e8500000,0x00000000e8580000)
 ParOldGen       total 85504K, used 26478K [0x0000000084c00000, 0x0000000089f80000, 0x00000000d6f00000)
  object space 85504K, 30% used [0x0000000084c00000,0x00000000865db8f8,0x0000000089f80000)
 Metaspace       used 24678K, capacity 24987K, committed 25344K, reserved 1071104K
  class space    used 2913K, capacity 3028K, committed 3072K, reserved 1048576K
Event: 1581.221 GC heap after
Heap after GC invocations=9899 (full 1):
 PSYoungGen      total 29184K, used 96K [0x00000000d6f00000, 0x00000000e8580000, 0x0000000100000000)
  eden space 28672K, 0% used [0x00000000d6f00000,0x00000000d6f00000,0x00000000d8b00000)
  from space 512K, 18% used [0x00000000e8500000,0x00000000e8518000,0x00000000e8580000)
  to   space 512K, 0% used [0x00000000e8480000,0x00000000e8480000,0x00000000e8500000)
 ParOldGen       total 85504K, used 26478K [0x0000000084c00000, 0x0000000089f80000, 0x00000000d6f00000)
  object space 85504K, 30% used [0x0000000084c00000,0x00000000865db8f8,0x0000000089f80000)
 Metaspace       used 24678K, capacity 24987K, committed 25344K, reserved 1071104K
  class space    used 2913K, capacity 3028K, committed 3072K, reserved 1048576K
}
Event: 1581.352 GC heap before
{Heap before GC invocations=9900 (full 1):
 PSYoungGen      total 29184K, used 28768K [0x00000000d6f00000, 0x00000000e8580000, 0x0000000100000000)
  eden space 28672K, 100% used [0x00000000d6f00000,0x00000000d8b00000,0x00000000d8b00000)
  from space 512K, 18% used [0x00000000e8500000,0x00000000e8518000,0x00000000e8580000)
  to   space 512K, 0% used [0x00000000e8480000,0x00000000e8480000,0x00000000e8500000)
 ParOldGen       total 85504K, used 26478K [0x0000000084c00000, 0x0000000089f80000, 0x00000000d6f00000)
  object space 85504K, 30% used [0x0000000084c00000,0x00000000865db8f8,0x0000000089f80000)
 Metaspace       used 24678K, capacity 24987K, committed 25344K, reserved 1071104K
  class space    used 2913K, capacity 3028K, committed 3072K, reserved 1048576K
Event: 1581.354 GC heap after
Heap after GC invocations=9900 (full 1):
 PSYoungGen      total 29184K, used 160K [0x00000000d6f00000, 0x00000000e8580000, 0x0000000100000000)
  eden space 28672K, 0% used [0x00000000d6f00000,0x00000000d6f00000,0x00000000d8b00000)
  from space 512K, 31% used [0x00000000e8480000,0x00000000e84a8000,0x00000000e8500000)
  to   space 512K, 0% used [0x00000000e8500000,0x00000000e8500000,0x00000000e8580000)
 ParOldGen       total 85504K, used 26478K [0x0000000084c00000, 0x0000000089f80000, 0x00000000d6f00000)
  object space 85504K, 30% used [0x0000000084c00000,0x00000000865db8f8,0x0000000089f80000)
 Metaspace       used 24678K, capacity 24987K, committed 25344K, reserved 1071104K
  class space    used 2913K, capacity 3028K, committed 3072K, reserved 1048576K
}
Event: 1581.486 GC heap before
{Heap before GC invocations=9901 (full 1):
 PSYoungGen      total 29184K, used 28832K [0x00000000d6f00000, 0x00000000e8580000, 0x0000000100000000)
  eden space 28672K, 100% used [0x00000000d6f00000,0x00000000d8b00000,0x00000000d8b00000)
  from space 512K, 31% used [0x00000000e8480000,0x00000000e84a8000,0x00000000e8500000)
  to   space 512K, 0% used [0x00000000e8500000,0x00000000e8500000,0x00000000e8580000)
 ParOldGen       total 85504K, used 26478K [0x0000000084c00000, 0x0000000089f80000, 0x00000000d6f00000)
  object space 85504K, 30% used [0x0000000084c00000,0x00000000865db8f8,0x0000000089f80000)
 Metaspace       used 24678K, capacity 24987K, committed 25344K, reserved 1071104K
  class space    used 2913K, capacity 3028K, committed 3072K, reserved 1048576K
Event: 1581.487 GC heap after
Heap after GC invocations=9901 (full 1):
 PSYoungGen      total 29184K, used 96K [0x00000000d6f00000, 0x00000000e8580000, 0x0000000100000000)
  eden space 28672K, 0% used [0x00000000d6f00000,0x00000000d6f00000,0x00000000d8b00000)
  from space 512K, 18% used [0x00000000e8500000,0x00000000e8518000,0x00000000e8580000)
  to   space 512K, 0% used [0x00000000e8480000,0x00000000e8480000,0x00000000e8500000)
 ParOldGen       total 85504K, used 26494K [0x0000000084c00000, 0x0000000089f80000, 0x00000000d6f00000)
  object space 85504K, 30% used [0x0000000084c00000,0x00000000865df8f8,0x0000000089f80000)
 Metaspace       used 24678K, capacity 24987K, committed 25344K, reserved 1071104K
  class space    used 2913K, capacity 3028K, committed 3072K, reserved 1048576K
}
Event: 1581.620 GC heap before
{Heap before GC invocations=9902 (full 1):
 PSYoungGen      total 29184K, used 28768K [0x00000000d6f00000, 0x00000000e8580000, 0x0000000100000000)
  eden space 28672K, 100% used [0x00000000d6f00000,0x00000000d8b00000,0x00000000d8b00000)
  from space 512K, 18% used [0x00000000e8500000,0x00000000e8518000,0x00000000e8580000)
  to   space 512K, 0% used [0x00000000e8480000,0x00000000e8480000,0x00000000e8500000)
 ParOldGen       total 85504K, used 26494K [0x0000000084c00000, 0x0000000089f80000, 0x00000000d6f00000)
  object space 85504K, 30% used [0x0000000084c00000,0x00000000865df8f8,0x0000000089f80000)
 Metaspace       used 24678K, capacity 24987K, committed 25344K, reserved 1071104K
  class space    used 2913K, capacity 3028K, committed 3072K, reserved 1048576K
Event: 1581.621 GC heap after
Heap after GC invocations=9902 (full 1):
 PSYoungGen      total 29184K, used 128K [0x00000000d6f00000, 0x00000000e8580000, 0x0000000100000000)
  eden space 28672K, 0% used [0x00000000d6f00000,0x00000000d6f00000,0x00000000d8b00000)
  from space 512K, 25% used [0x00000000e8480000,0x00000000e84a0000,0x00000000e8500000)
  to   space 512K, 0% used [0x00000000e8500000,0x00000000e8500000,0x00000000e8580000)
 ParOldGen       total 85504K, used 26494K [0x0000000084c00000, 0x0000000089f80000, 0x00000000d6f00000)
  object space 85504K, 30% used [0x0000000084c00000,0x00000000865df8f8,0x0000000089f80000)
 Metaspace       used 24678K, capacity 24987K, committed 25344K, reserved 1071104K
  class space    used 2913K, capacity 3028K, committed 3072K, reserved 1048576K
}
Event: 1581.754 GC heap before
{Heap before GC invocations=9903 (full 1):
 PSYoungGen      total 29184K, used 28800K [0x00000000d6f00000, 0x00000000e8580000, 0x0000000100000000)
  eden space 28672K, 100% used [0x00000000d6f00000,0x00000000d8b00000,0x00000000d8b00000)
  from space 512K, 25% used [0x00000000e8480000,0x00000000e84a0000,0x00000000e8500000)
  to   space 512K, 0% used [0x00000000e8500000,0x00000000e8500000,0x00000000e8580000)
 ParOldGen       total 85504K, used 26494K [0x0000000084c00000, 0x0000000089f80000, 0x00000000d6f00000)
  object space 85504K, 30% used [0x0000000084c00000,0x00000000865df8f8,0x0000000089f80000)
 Metaspace       used 24678K, capacity 24987K, committed 25344K, reserved 1071104K
  class space    used 2913K, capacity 3028K, committed 3072K, reserved 1048576K
Event: 1581.755 GC heap after
Heap after GC invocations=9903 (full 1):
 PSYoungGen      total 29184K, used 96K [0x00000000d6f00000, 0x00000000e8580000, 0x0000000100000000)
  eden space 28672K, 0% used [0x00000000d6f00000,0x00000000d6f00000,0x00000000d8b00000)
  from space 512K, 18% used [0x00000000e8500000,0x00000000e8518000,0x00000000e8580000)
  to   space 512K, 0% used [0x00000000e8480000,0x00000000e8480000,0x00000000e8500000)
 ParOldGen       total 85504K, used 26494K [0x0000000084c00000, 0x0000000089f80000, 0x00000000d6f00000)
  object space 85504K, 30% used [0x0000000084c00000,0x00000000865df8f8,0x0000000089f80000)
 Metaspace       used 24678K, capacity 24987K, committed 25344K, reserved 1071104K
  class space    used 2913K, capacity 3028K, committed 3072K, reserved 1048576K
}

