# JRE version: OpenJDK Runtime Environment (8.0_382-b05) (build 1.8.0_382-b05)
# Java VM: OpenJDK 64-Bit Server VM (25.382-b05 mixed mode windows-amd64 compressed oops)
Heap:
 PSYoungGen      total 46080K, used 23823K [0x00000000d6f00000, 0x00000000fa380000, 0x0000000100000000)
  eden space 45568K, 52% used [0x00000000d6f00000,0x00000000d8623fe0,0x00000000d9b80000)
  from space 512K, 25% used [0x00000000fa280000,0x00000000fa2a0000,0x00000000fa300000)
  to   space 512K, 0% used [0x00000000fa300000,0x00000000fa300000,0x00000000fa380000)
 ParOldGen       total 79360K, used 22878K [0x0000000084c00000, 0x0000000089980000, 0x00000000d6f00000)
  object space 79360K, 28% used [0x0000000084c00000,0x0000000086257990,0x0000000089980000)
 Metaspace       used 25187K, capacity 25645K, committed 25856K, reserved 1073152K
  class space    used 2960K, capacity 3063K, committed 3072K, reserved 1048576K
GC Heap History (10 events):
Event: 105.566 GC heap before
{Heap before GC invocations=262 (full 1):
 PSYoungGen      total 51200K, used 50848K [0x00000000d6f00000, 0x00000000fa380000, 0x0000000100000000)
  eden space 50688K, 100% used [0x00000000d6f00000,0x00000000da080000,0x00000000da080000)
  from space 512K, 31% used [0x00000000fa300000,0x00000000fa328000,0x00000000fa380000)
  to   space 512K, 0% used [0x00000000fa280000,0x00000000fa280000,0x00000000fa300000)
 ParOldGen       total 79360K, used 22862K [0x0000000084c00000, 0x0000000089980000, 0x00000000d6f00000)
  object space 79360K, 28% used [0x0000000084c00000,0x0000000086253990,0x0000000089980000)
 Metaspace       used 25187K, capacity 25645K, committed 25856K, reserved 1073152K
  class space    used 2960K, capacity 3063K, committed 3072K, reserved 1048576K
Event: 105.567 GC heap after
Heap after GC invocations=262 (full 1):
 PSYoungGen      total 50176K, used 128K [0x00000000d6f00000, 0x00000000fa380000, 0x0000000100000000)
  eden space 49664K, 0% used [0x00000000d6f00000,0x00000000d6f00000,0x00000000d9f80000)
  from space 512K, 25% used [0x00000000fa280000,0x00000000fa2a0000,0x00000000fa300000)
  to   space 512K, 0% used [0x00000000fa300000,0x00000000fa300000,0x00000000fa380000)
 ParOldGen       total 79360K, used 22862K [0x0000000084c00000, 0x0000000089980000, 0x00000000d6f00000)
  object space 79360K, 28% used [0x0000000084c00000,0x0000000086253990,0x0000000089980000)
 Metaspace       used 25187K, capacity 25645K, committed 25856K, reserved 1073152K
  class space    used 2960K, capacity 3063K, committed 3072K, reserved 1048576K
}
Event: 105.791 GC heap before
{Heap before GC invocations=263 (full 1):
 PSYoungGen      total 50176K, used 49792K [0x00000000d6f00000, 0x00000000fa380000, 0x0000000100000000)
  eden space 49664K, 100% used [0x00000000d6f00000,0x00000000d9f80000,0x00000000d9f80000)
  from space 512K, 25% used [0x00000000fa280000,0x00000000fa2a0000,0x00000000fa300000)
  to   space 512K, 0% used [0x00000000fa300000,0x00000000fa300000,0x00000000fa380000)
 ParOldGen       total 79360K, used 22862K [0x0000000084c00000, 0x0000000089980000, 0x00000000d6f00000)
  object space 79360K, 28% used [0x0000000084c00000,0x0000000086253990,0x0000000089980000)
 Metaspace       used 25187K, capacity 25645K, committed 25856K, reserved 1073152K
  class space    used 2960K, capacity 3063K, committed 3072K, reserved 1048576K
Event: 105.792 GC heap after
Heap after GC invocations=263 (full 1):
 PSYoungGen      total 49152K, used 160K [0x00000000d6f00000, 0x00000000fa380000, 0x0000000100000000)
  eden space 48640K, 0% used [0x00000000d6f00000,0x00000000d6f00000,0x00000000d9e80000)
  from space 512K, 31% used [0x00000000fa300000,0x00000000fa328000,0x00000000fa380000)
  to   space 512K, 0% used [0x00000000fa280000,0x00000000fa280000,0x00000000fa300000)
 ParOldGen       total 79360K, used 22878K [0x0000000084c00000, 0x0000000089980000, 0x00000000d6f00000)
  object space 79360K, 28% used [0x0000000084c00000,0x0000000086257990,0x0000000089980000)
 Metaspace       used 25187K, capacity 25645K, committed 25856K, reserved 1073152K
  class space    used 2960K, capacity 3063K, committed 3072K, reserved 1048576K
}
Event: 105.997 GC heap before
{Heap before GC invocations=264 (full 1):
 PSYoungGen      total 49152K, used 48800K [0x00000000d6f00000, 0x00000000fa380000, 0x0000000100000000)
  eden space 48640K, 100% used [0x00000000d6f00000,0x00000000d9e80000,0x00000000d9e80000)
  from space 512K, 31% used [0x00000000fa300000,0x00000000fa328000,0x00000000fa380000)
  to   space 512K, 0% used [0x00000000fa280000,0x00000000fa280000,0x00000000fa300000)
 ParOldGen       total 79360K, used 22878K [0x0000000084c00000, 0x0000000089980000, 0x00000000d6f00000)
  object space 79360K, 28% used [0x0000000084c00000,0x0000000086257990,0x0000000089980000)
 Metaspace       used 25187K, capacity 25645K, committed 25856K, reserved 1073152K
  class space    used 2960K, capacity 3063K, committed 3072K, reserved 1048576K
Event: 105.998 GC heap after
Heap after GC invocations=264 (full 1):
 PSYoungGen      total 48128K, used 160K [0x00000000d6f00000, 0x00000000fa380000, 0x0000000100000000)
  eden space 47616K, 0% used [0x00000000d6f00000,0x00000000d6f00000,0x00000000d9d80000)
  from space 512K, 31% used [0x00000000fa280000,0x00000000fa2a8000,0x00000000fa300000)
  to   space 512K, 0% used [0x00000000fa300000,0x00000000fa300000,0x00000000fa380000)
 ParOldGen       total 79360K, used 22878K [0x0000000084c00000, 0x0000000089980000, 0x00000000d6f00000)
  object space 79360K, 28% used [0x0000000084c00000,0x0000000086257990,0x0000000089980000)
 Metaspace       used 25187K, capacity 25645K, committed 25856K, reserved 1073152K
  class space    used 2960K, capacity 3063K, committed 3072K, reserved 1048576K
}
Event: 106.161 GC heap before
{Heap before GC invocations=265 (full 1):
 PSYoungGen      total 48128K, used 47776K [0x00000000d6f00000, 0x00000000fa380000, 0x0000000100000000)
  eden space 47616K, 100% used [0x00000000d6f00000,0x00000000d9d80000,0x00000000d9d80000)
  from space 512K, 31% used [0x00000000fa280000,0x00000000fa2a8000,0x00000000fa300000)
  to   space 512K, 0% used [0x00000000fa300000,0x00000000fa300000,0x00000000fa380000)
 ParOldGen       total 79360K, used 22878K [0x0000000084c00000, 0x0000000089980000, 0x00000000d6f00000)
  object space 79360K, 28% used [0x0000000084c00000,0x0000000086257990,0x0000000089980000)
 Metaspace       used 25187K, capacity 25645K, committed 25856K, reserved 1073152K
  class space    used 2960K, capacity 3063K, committed 3072K, reserved 1048576K
Event: 106.162 GC heap after
Heap after GC invocations=265 (full 1):
 PSYoungGen      total 47104K, used 160K [0x00000000d6f00000, 0x00000000fa380000, 0x0000000100000000)
  eden space 46592K, 0% used [0x00000000d6f00000,0x00000000d6f00000,0x00000000d9c80000)
  from space 512K, 31% used [0x00000000fa300000,0x00000000fa328000,0x00000000fa380000)
  to   space 512K, 0% used [0x00000000fa280000,0x00000000fa280000,0x00000000fa300000)
 ParOldGen       total 79360K, used 22878K [0x0000000084c00000, 0x0000000089980000, 0x00000000d6f00000)
  object space 79360K, 28% used [0x0000000084c00000,0x0000000086257990,0x0000000089980000)
 Metaspace       used 25187K, capacity 25645K, committed 25856K, reserved 1073152K
  class space    used 2960K, capacity 3063K, committed 3072K, reserved 1048576K
}
Event: 106.335 GC heap before
{Heap before GC invocations=266 (full 1):
 PSYoungGen      total 47104K, used 46752K [0x00000000d6f00000, 0x00000000fa380000, 0x0000000100000000)
  eden space 46592K, 100% used [0x00000000d6f00000,0x00000000d9c80000,0x00000000d9c80000)
  from space 512K, 31% used [0x00000000fa300000,0x00000000fa328000,0x00000000fa380000)
  to   space 512K, 0% used [0x00000000fa280000,0x00000000fa280000,0x00000000fa300000)
 ParOldGen       total 79360K, used 22878K [0x0000000084c00000, 0x0000000089980000, 0x00000000d6f00000)
  object space 79360K, 28% used [0x0000000084c00000,0x0000000086257990,0x0000000089980000)
 Metaspace       used 25187K, capacity 25645K, committed 25856K, reserved 1073152K
  class space    used 2960K, capacity 3063K, committed 3072K, reserved 1048576K
Event: 106.336 GC heap after
Heap after GC invocations=266 (full 1):
 PSYoungGen      total 46080K, used 128K [0x00000000d6f00000, 0x00000000fa380000, 0x0000000100000000)
  eden space 45568K, 0% used [0x00000000d6f00000,0x00000000d6f00000,0x00000000d9b80000)
  from space 512K, 25% used [0x00000000fa280000,0x00000000fa2a0000,0x00000000fa300000)
  to   space 512K, 0% used [0x00000000fa300000,0x00000000fa300000,0x00000000fa380000)
 ParOldGen       total 79360K, used 22878K [0x0000000084c00000, 0x0000000089980000, 0x00000000d6f00000)
  object space 79360K, 28% used [0x0000000084c00000,0x0000000086257990,0x0000000089980000)
 Metaspace       used 25187K, capacity 25645K, committed 25856K, reserved 1073152K
  class space    used 2960K, capacity 3063K, committed 3072K, reserved 1048576K
}

