# JRE version: OpenJDK Runtime Environment (8.0_382-b05) (build 1.8.0_382-b05)
# Java VM: OpenJDK 64-Bit Server VM (25.382-b05 mixed mode windows-amd64 compressed oops)
Heap:
 PSYoungGen      total 53248K, used 46472K [0x00000000d6f00000, 0x00000000efe80000, 0x0000000100000000)
  eden space 52736K, 88% used [0x00000000d6f00000,0x00000000d9c52090,0x00000000da280000)
  from space 512K, 12% used [0x00000000efe00000,0x00000000efe10000,0x00000000efe80000)
  to   space 512K, 0% used [0x00000000efd80000,0x00000000efd80000,0x00000000efe00000)
 ParOldGen       total 87040K, used 27523K [0x0000000084c00000, 0x000000008a100000, 0x00000000d6f00000)
  object space 87040K, 31% used [0x0000000084c00000,0x00000000866e0c70,0x000000008a100000)
 Metaspace       used 24904K, capacity 25299K, committed 25600K, reserved 1071104K
  class space    used 2931K, capacity 3048K, committed 3072K, reserved 1048576K
GC Heap History (10 events):
Event: 88.012 GC heap before
{Heap before GC invocations=139 (full 1):
 PSYoungGen      total 58880K, used 58496K [0x00000000d6f00000, 0x00000000efe80000, 0x0000000100000000)
  eden space 58368K, 100% used [0x00000000d6f00000,0x00000000da800000,0x00000000da800000)
  from space 512K, 25% used [0x00000000efd80000,0x00000000efda0000,0x00000000efe00000)
  to   space 512K, 0% used [0x00000000efe00000,0x00000000efe00000,0x00000000efe80000)
 ParOldGen       total 87040K, used 27523K [0x0000000084c00000, 0x000000008a100000, 0x00000000d6f00000)
  object space 87040K, 31% used [0x0000000084c00000,0x00000000866e0c70,0x000000008a100000)
 Metaspace       used 24904K, capacity 25299K, committed 25600K, reserved 1071104K
  class space    used 2931K, capacity 3048K, committed 3072K, reserved 1048576K
Event: 88.013 GC heap after
Heap after GC invocations=139 (full 1):
 PSYoungGen      total 57344K, used 128K [0x00000000d6f00000, 0x00000000efe80000, 0x0000000100000000)
  eden space 56832K, 0% used [0x00000000d6f00000,0x00000000d6f00000,0x00000000da680000)
  from space 512K, 25% used [0x00000000efe00000,0x00000000efe20000,0x00000000efe80000)
  to   space 512K, 0% used [0x00000000efd80000,0x00000000efd80000,0x00000000efe00000)
 ParOldGen       total 87040K, used 27523K [0x0000000084c00000, 0x000000008a100000, 0x00000000d6f00000)
  object space 87040K, 31% used [0x0000000084c00000,0x00000000866e0c70,0x000000008a100000)
 Metaspace       used 24904K, capacity 25299K, committed 25600K, reserved 1071104K
  class space    used 2931K, capacity 3048K, committed 3072K, reserved 1048576K
}
Event: 88.393 GC heap before
{Heap before GC invocations=140 (full 1):
 PSYoungGen      total 57344K, used 56960K [0x00000000d6f00000, 0x00000000efe80000, 0x0000000100000000)
  eden space 56832K, 100% used [0x00000000d6f00000,0x00000000da680000,0x00000000da680000)
  from space 512K, 25% used [0x00000000efe00000,0x00000000efe20000,0x00000000efe80000)
  to   space 512K, 0% used [0x00000000efd80000,0x00000000efd80000,0x00000000efe00000)
 ParOldGen       total 87040K, used 27523K [0x0000000084c00000, 0x000000008a100000, 0x00000000d6f00000)
  object space 87040K, 31% used [0x0000000084c00000,0x00000000866e0c70,0x000000008a100000)
 Metaspace       used 24904K, capacity 25299K, committed 25600K, reserved 1071104K
  class space    used 2931K, capacity 3048K, committed 3072K, reserved 1048576K
Event: 88.394 GC heap after
Heap after GC invocations=140 (full 1):
 PSYoungGen      total 56320K, used 128K [0x00000000d6f00000, 0x00000000efe80000, 0x0000000100000000)
  eden space 55808K, 0% used [0x00000000d6f00000,0x00000000d6f00000,0x00000000da580000)
  from space 512K, 25% used [0x00000000efd80000,0x00000000efda0000,0x00000000efe00000)
  to   space 512K, 0% used [0x00000000efe00000,0x00000000efe00000,0x00000000efe80000)
 ParOldGen       total 87040K, used 27523K [0x0000000084c00000, 0x000000008a100000, 0x00000000d6f00000)
  object space 87040K, 31% used [0x0000000084c00000,0x00000000866e0c70,0x000000008a100000)
 Metaspace       used 24904K, capacity 25299K, committed 25600K, reserved 1071104K
  class space    used 2931K, capacity 3048K, committed 3072K, reserved 1048576K
}
Event: 88.879 GC heap before
{Heap before GC invocations=141 (full 1):
 PSYoungGen      total 56320K, used 55936K [0x00000000d6f00000, 0x00000000efe80000, 0x0000000100000000)
  eden space 55808K, 100% used [0x00000000d6f00000,0x00000000da580000,0x00000000da580000)
  from space 512K, 25% used [0x00000000efd80000,0x00000000efda0000,0x00000000efe00000)
  to   space 512K, 0% used [0x00000000efe00000,0x00000000efe00000,0x00000000efe80000)
 ParOldGen       total 87040K, used 27523K [0x0000000084c00000, 0x000000008a100000, 0x00000000d6f00000)
  object space 87040K, 31% used [0x0000000084c00000,0x00000000866e0c70,0x000000008a100000)
 Metaspace       used 24904K, capacity 25299K, committed 25600K, reserved 1071104K
  class space    used 2931K, capacity 3048K, committed 3072K, reserved 1048576K
Event: 88.880 GC heap after
Heap after GC invocations=141 (full 1):
 PSYoungGen      total 55296K, used 128K [0x00000000d6f00000, 0x00000000efe80000, 0x0000000100000000)
  eden space 54784K, 0% used [0x00000000d6f00000,0x00000000d6f00000,0x00000000da480000)
  from space 512K, 25% used [0x00000000efe00000,0x00000000efe20000,0x00000000efe80000)
  to   space 512K, 0% used [0x00000000efd80000,0x00000000efd80000,0x00000000efe00000)
 ParOldGen       total 87040K, used 27523K [0x0000000084c00000, 0x000000008a100000, 0x00000000d6f00000)
  object space 87040K, 31% used [0x0000000084c00000,0x00000000866e0c70,0x000000008a100000)
 Metaspace       used 24904K, capacity 25299K, committed 25600K, reserved 1071104K
  class space    used 2931K, capacity 3048K, committed 3072K, reserved 1048576K
}
Event: 89.207 GC heap before
{Heap before GC invocations=142 (full 1):
 PSYoungGen      total 55296K, used 54912K [0x00000000d6f00000, 0x00000000efe80000, 0x0000000100000000)
  eden space 54784K, 100% used [0x00000000d6f00000,0x00000000da480000,0x00000000da480000)
  from space 512K, 25% used [0x00000000efe00000,0x00000000efe20000,0x00000000efe80000)
  to   space 512K, 0% used [0x00000000efd80000,0x00000000efd80000,0x00000000efe00000)
 ParOldGen       total 87040K, used 27523K [0x0000000084c00000, 0x000000008a100000, 0x00000000d6f00000)
  object space 87040K, 31% used [0x0000000084c00000,0x00000000866e0c70,0x000000008a100000)
 Metaspace       used 24904K, capacity 25299K, committed 25600K, reserved 1071104K
  class space    used 2931K, capacity 3048K, committed 3072K, reserved 1048576K
Event: 89.208 GC heap after
Heap after GC invocations=142 (full 1):
 PSYoungGen      total 54272K, used 128K [0x00000000d6f00000, 0x00000000efe80000, 0x0000000100000000)
  eden space 53760K, 0% used [0x00000000d6f00000,0x00000000d6f00000,0x00000000da380000)
  from space 512K, 25% used [0x00000000efd80000,0x00000000efda0000,0x00000000efe00000)
  to   space 512K, 0% used [0x00000000efe00000,0x00000000efe00000,0x00000000efe80000)
 ParOldGen       total 87040K, used 27523K [0x0000000084c00000, 0x000000008a100000, 0x00000000d6f00000)
  object space 87040K, 31% used [0x0000000084c00000,0x00000000866e0c70,0x000000008a100000)
 Metaspace       used 24904K, capacity 25299K, committed 25600K, reserved 1071104K
  class space    used 2931K, capacity 3048K, committed 3072K, reserved 1048576K
}
Event: 89.530 GC heap before
{Heap before GC invocations=143 (full 1):
 PSYoungGen      total 54272K, used 53888K [0x00000000d6f00000, 0x00000000efe80000, 0x0000000100000000)
  eden space 53760K, 100% used [0x00000000d6f00000,0x00000000da380000,0x00000000da380000)
  from space 512K, 25% used [0x00000000efd80000,0x00000000efda0000,0x00000000efe00000)
  to   space 512K, 0% used [0x00000000efe00000,0x00000000efe00000,0x00000000efe80000)
 ParOldGen       total 87040K, used 27523K [0x0000000084c00000, 0x000000008a100000, 0x00000000d6f00000)
  object space 87040K, 31% used [0x0000000084c00000,0x00000000866e0c70,0x000000008a100000)
 Metaspace       used 24904K, capacity 25299K, committed 25600K, reserved 1071104K
  class space    used 2931K, capacity 3048K, committed 3072K, reserved 1048576K
Event: 89.532 GC heap after
Heap after GC invocations=143 (full 1):
 PSYoungGen      total 53248K, used 64K [0x00000000d6f00000, 0x00000000efe80000, 0x0000000100000000)
  eden space 52736K, 0% used [0x00000000d6f00000,0x00000000d6f00000,0x00000000da280000)
  from space 512K, 12% used [0x00000000efe00000,0x00000000efe10000,0x00000000efe80000)
  to   space 512K, 0% used [0x00000000efd80000,0x00000000efd80000,0x00000000efe00000)
 ParOldGen       total 87040K, used 27523K [0x0000000084c00000, 0x000000008a100000, 0x00000000d6f00000)
  object space 87040K, 31% used [0x0000000084c00000,0x00000000866e0c70,0x000000008a100000)
 Metaspace       used 24904K, capacity 25299K, committed 25600K, reserved 1071104K
  class space    used 2931K, capacity 3048K, committed 3072K, reserved 1048576K
}

